app/build/intermediates/manifest_merge_blame_file/debug/processDebugMainManifest/manifest-merger-blame-debug-report.txt
1<?xml version="1.0" encoding="utf-8"?>
2<manifest xmlns:android="http://schemas.android.com/apk/res/android"
3    package="com.example.trekerautoapp"
4    android:versionCode="1"
5    android:versionName="1.0" >
6
7    <uses-sdk
7-->INJECTED
8        android:minSdkVersion="24"
8-->INJECTED
9        android:targetSdkVersion="36" />
9-->INJECTED
10
11    <uses-permission android:name="android.permission.INTERNET" />
11-->src\main\AndroidManifest.xml:5:5-67
11-->src\main\AndroidManifest.xml:5:22-64
12    <uses-permission android:name="android.permission.POST_NOTIFICATIONS" />
12-->src\main\AndroidManifest.xml:6:5-77
12-->src\main\AndroidManifest.xml:6:22-74
13    <uses-permission android:name="android.permission.ACCESS_NETWORK_STATE" />
13-->[com.google.firebase:firebase-auth:23.1.0] AndroidManifest.xml:26:5-79
13-->[com.google.firebase:firebase-auth:23.1.0] AndroidManifest.xml:26:22-76
14    <uses-permission android:name="com.google.android.providers.gsf.permission.READ_GSERVICES" />
14-->[com.google.android.recaptcha:recaptcha:18.5.1] AndroidManifest.xml:9:5-98
14-->[com.google.android.recaptcha:recaptcha:18.5.1] AndroidManifest.xml:9:22-95
15    <uses-permission android:name="android.permission.WAKE_LOCK" />
15-->[androidx.work:work-runtime:2.10.1] AndroidManifest.xml:23:5-68
15-->[androidx.work:work-runtime:2.10.1] AndroidManifest.xml:23:22-65
16    <uses-permission android:name="android.permission.RECEIVE_BOOT_COMPLETED" />
16-->[androidx.work:work-runtime:2.10.1] AndroidManifest.xml:25:5-81
16-->[androidx.work:work-runtime:2.10.1] AndroidManifest.xml:25:22-78
17    <uses-permission android:name="android.permission.FOREGROUND_SERVICE" />
17-->[androidx.work:work-runtime:2.10.1] AndroidManifest.xml:26:5-77
17-->[androidx.work:work-runtime:2.10.1] AndroidManifest.xml:26:22-74
18
19    <permission
19-->[androidx.core:core:1.12.0] AndroidManifest.xml:22:5-24:47
20        android:name="com.example.trekerautoapp.DYNAMIC_RECEIVER_NOT_EXPORTED_PERMISSION"
20-->[androidx.core:core:1.12.0] AndroidManifest.xml:23:9-81
21        android:protectionLevel="signature" />
21-->[androidx.core:core:1.12.0] AndroidManifest.xml:24:9-44
22
23    <uses-permission android:name="com.example.trekerautoapp.DYNAMIC_RECEIVER_NOT_EXPORTED_PERMISSION" />
23-->[androidx.core:core:1.12.0] AndroidManifest.xml:26:5-97
23-->[androidx.core:core:1.12.0] AndroidManifest.xml:26:22-94
24
25    <application
25-->src\main\AndroidManifest.xml:8:5-59:19
26        android:name="com.example.trekerautoapp.app.TrekerAutoApp"
26-->src\main\AndroidManifest.xml:9:9-42
27        android:allowBackup="true"
27-->src\main\AndroidManifest.xml:10:9-35
28        android:appComponentFactory="androidx.core.app.CoreComponentFactory"
28-->[androidx.core:core:1.12.0] AndroidManifest.xml:28:18-86
29        android:dataExtractionRules="@xml/data_extraction_rules"
29-->src\main\AndroidManifest.xml:11:9-65
30        android:debuggable="true"
31        android:extractNativeLibs="false"
31-->INJECTED
32        android:fullBackupContent="@xml/backup_rules"
32-->src\main\AndroidManifest.xml:12:9-54
33        android:icon="@mipmap/ic_launcher"
33-->src\main\AndroidManifest.xml:13:9-43
34        android:label="@string/app_name"
34-->src\main\AndroidManifest.xml:14:9-41
35        android:roundIcon="@mipmap/ic_launcher_round"
35-->src\main\AndroidManifest.xml:15:9-54
36        android:supportsRtl="true"
36-->src\main\AndroidManifest.xml:16:9-35
37        android:testOnly="true"
38        android:theme="@style/Theme.TrekerAutoApp" >
38-->src\main\AndroidManifest.xml:17:9-51
39        <activity
39-->src\main\AndroidManifest.xml:18:9-20:40
40            android:name="com.example.trekerautoapp.screen.DeleteCarActivity"
40-->src\main\AndroidManifest.xml:19:13-53
41            android:exported="false" />
41-->src\main\AndroidManifest.xml:20:13-37
42        <activity
42-->src\main\AndroidManifest.xml:21:9-23:40
43            android:name="com.example.trekerautoapp.screen.ReminderSettingsActivity"
43-->src\main\AndroidManifest.xml:22:13-60
44            android:exported="false" />
44-->src\main\AndroidManifest.xml:23:13-37
45        <activity
45-->src\main\AndroidManifest.xml:24:9-26:40
46            android:name="com.example.trekerautoapp.screen.UpdateMileageActivity"
46-->src\main\AndroidManifest.xml:25:13-57
47            android:exported="false" />
47-->src\main\AndroidManifest.xml:26:13-37
48        <activity
48-->src\main\AndroidManifest.xml:27:9-29:40
49            android:name="com.example.trekerautoapp.screen.EditPartActivity"
49-->src\main\AndroidManifest.xml:28:13-52
50            android:exported="false" />
50-->src\main\AndroidManifest.xml:29:13-37
51        <activity
51-->src\main\AndroidManifest.xml:30:9-32:40
52            android:name="com.example.trekerautoapp.screen.AddServiceActivity"
52-->src\main\AndroidManifest.xml:31:13-54
53            android:exported="false" />
53-->src\main\AndroidManifest.xml:32:13-37
54        <activity
54-->src\main\AndroidManifest.xml:33:9-35:40
55            android:name="com.example.trekerautoapp.screen.AddPartActivity"
55-->src\main\AndroidManifest.xml:34:13-51
56            android:exported="false" />
56-->src\main\AndroidManifest.xml:35:13-37
57        <activity
57-->src\main\AndroidManifest.xml:36:9-38:40
58            android:name="com.example.trekerautoapp.screen.ServiceHistoryActivity"
58-->src\main\AndroidManifest.xml:37:13-58
59            android:exported="false" />
59-->src\main\AndroidManifest.xml:38:13-37
60        <activity
60-->src\main\AndroidManifest.xml:39:9-41:40
61            android:name="com.example.trekerautoapp.screen.AddCarActivity"
61-->src\main\AndroidManifest.xml:40:13-50
62            android:exported="false" />
62-->src\main\AndroidManifest.xml:41:13-37
63        <activity
63-->src\main\AndroidManifest.xml:42:9-44:40
64            android:name="com.example.trekerautoapp.screen.CarDetailsActivity"
64-->src\main\AndroidManifest.xml:43:13-54
65            android:exported="false" />
65-->src\main\AndroidManifest.xml:44:13-37
66        <activity
66-->src\main\AndroidManifest.xml:45:9-47:40
67            android:name="com.example.trekerautoapp.screen.HomeActivity"
67-->src\main\AndroidManifest.xml:46:13-48
68            android:exported="false" />
68-->src\main\AndroidManifest.xml:47:13-37
69        <activity
69-->src\main\AndroidManifest.xml:48:9-50:40
70            android:name="com.example.trekerautoapp.screen.RegisterActivity"
70-->src\main\AndroidManifest.xml:49:13-52
71            android:exported="false" />
71-->src\main\AndroidManifest.xml:50:13-37
72        <activity
72-->src\main\AndroidManifest.xml:51:9-58:20
73            android:name="com.example.trekerautoapp.screen.MainActivity"
73-->src\main\AndroidManifest.xml:52:13-48
74            android:exported="true" >
74-->src\main\AndroidManifest.xml:53:13-36
75            <intent-filter>
75-->src\main\AndroidManifest.xml:54:13-57:29
76                <action android:name="android.intent.action.MAIN" />
76-->src\main\AndroidManifest.xml:55:17-69
76-->src\main\AndroidManifest.xml:55:25-66
77
78                <category android:name="android.intent.category.LAUNCHER" />
78-->src\main\AndroidManifest.xml:56:17-77
78-->src\main\AndroidManifest.xml:56:27-74
79            </intent-filter>
80        </activity>
81        <activity
81-->[com.google.firebase:firebase-auth:23.1.0] AndroidManifest.xml:29:9-46:20
82            android:name="com.google.firebase.auth.internal.GenericIdpActivity"
82-->[com.google.firebase:firebase-auth:23.1.0] AndroidManifest.xml:30:13-80
83            android:excludeFromRecents="true"
83-->[com.google.firebase:firebase-auth:23.1.0] AndroidManifest.xml:31:13-46
84            android:exported="true"
84-->[com.google.firebase:firebase-auth:23.1.0] AndroidManifest.xml:32:13-36
85            android:launchMode="singleTask"
85-->[com.google.firebase:firebase-auth:23.1.0] AndroidManifest.xml:33:13-44
86            android:theme="@android:style/Theme.Translucent.NoTitleBar" >
86-->[com.google.firebase:firebase-auth:23.1.0] AndroidManifest.xml:34:13-72
87            <intent-filter>
87-->[com.google.firebase:firebase-auth:23.1.0] AndroidManifest.xml:35:13-45:29
88                <action android:name="android.intent.action.VIEW" />
88-->[com.google.firebase:firebase-auth:23.1.0] AndroidManifest.xml:36:17-69
88-->[com.google.firebase:firebase-auth:23.1.0] AndroidManifest.xml:36:25-66
89
90                <category android:name="android.intent.category.DEFAULT" />
90-->[com.google.firebase:firebase-auth:23.1.0] AndroidManifest.xml:38:17-76
90-->[com.google.firebase:firebase-auth:23.1.0] AndroidManifest.xml:38:27-73
91                <category android:name="android.intent.category.BROWSABLE" />
91-->[com.google.firebase:firebase-auth:23.1.0] AndroidManifest.xml:39:17-78
91-->[com.google.firebase:firebase-auth:23.1.0] AndroidManifest.xml:39:27-75
92
93                <data
93-->[com.google.firebase:firebase-auth:23.1.0] AndroidManifest.xml:41:17-44:51
94                    android:host="firebase.auth"
94-->[com.google.firebase:firebase-auth:23.1.0] AndroidManifest.xml:42:21-49
95                    android:path="/"
95-->[com.google.firebase:firebase-auth:23.1.0] AndroidManifest.xml:43:21-37
96                    android:scheme="genericidp" />
96-->[com.google.firebase:firebase-auth:23.1.0] AndroidManifest.xml:44:21-48
97            </intent-filter>
98        </activity>
99        <activity
99-->[com.google.firebase:firebase-auth:23.1.0] AndroidManifest.xml:47:9-64:20
100            android:name="com.google.firebase.auth.internal.RecaptchaActivity"
100-->[com.google.firebase:firebase-auth:23.1.0] AndroidManifest.xml:48:13-79
101            android:excludeFromRecents="true"
101-->[com.google.firebase:firebase-auth:23.1.0] AndroidManifest.xml:49:13-46
102            android:exported="true"
102-->[com.google.firebase:firebase-auth:23.1.0] AndroidManifest.xml:50:13-36
103            android:launchMode="singleTask"
103-->[com.google.firebase:firebase-auth:23.1.0] AndroidManifest.xml:51:13-44
104            android:theme="@android:style/Theme.Translucent.NoTitleBar" >
104-->[com.google.firebase:firebase-auth:23.1.0] AndroidManifest.xml:52:13-72
105            <intent-filter>
105-->[com.google.firebase:firebase-auth:23.1.0] AndroidManifest.xml:53:13-63:29
106                <action android:name="android.intent.action.VIEW" />
106-->[com.google.firebase:firebase-auth:23.1.0] AndroidManifest.xml:36:17-69
106-->[com.google.firebase:firebase-auth:23.1.0] AndroidManifest.xml:36:25-66
107
108                <category android:name="android.intent.category.DEFAULT" />
108-->[com.google.firebase:firebase-auth:23.1.0] AndroidManifest.xml:38:17-76
108-->[com.google.firebase:firebase-auth:23.1.0] AndroidManifest.xml:38:27-73
109                <category android:name="android.intent.category.BROWSABLE" />
109-->[com.google.firebase:firebase-auth:23.1.0] AndroidManifest.xml:39:17-78
109-->[com.google.firebase:firebase-auth:23.1.0] AndroidManifest.xml:39:27-75
110
111                <data
111-->[com.google.firebase:firebase-auth:23.1.0] AndroidManifest.xml:41:17-44:51
112                    android:host="firebase.auth"
112-->[com.google.firebase:firebase-auth:23.1.0] AndroidManifest.xml:42:21-49
113                    android:path="/"
113-->[com.google.firebase:firebase-auth:23.1.0] AndroidManifest.xml:43:21-37
114                    android:scheme="recaptcha" />
114-->[com.google.firebase:firebase-auth:23.1.0] AndroidManifest.xml:44:21-48
115            </intent-filter>
116        </activity>
117
118        <service
118-->[com.google.firebase:firebase-auth:23.1.0] AndroidManifest.xml:66:9-72:19
119            android:name="com.google.firebase.components.ComponentDiscoveryService"
119-->[com.google.firebase:firebase-auth:23.1.0] AndroidManifest.xml:67:13-84
120            android:directBootAware="true"
120-->[com.google.firebase:firebase-common:21.0.0] AndroidManifest.xml:32:13-43
121            android:exported="false" >
121-->[com.google.firebase:firebase-auth:23.1.0] AndroidManifest.xml:68:13-37
122            <meta-data
122-->[com.google.firebase:firebase-auth:23.1.0] AndroidManifest.xml:69:13-71:85
123                android:name="com.google.firebase.components:com.google.firebase.auth.FirebaseAuthRegistrar"
123-->[com.google.firebase:firebase-auth:23.1.0] AndroidManifest.xml:70:17-109
124                android:value="com.google.firebase.components.ComponentRegistrar" />
124-->[com.google.firebase:firebase-auth:23.1.0] AndroidManifest.xml:71:17-82
125            <meta-data
125-->[com.google.firebase:firebase-firestore:25.1.1] AndroidManifest.xml:17:13-19:85
126                android:name="com.google.firebase.components:com.google.firebase.firestore.FirebaseFirestoreKtxRegistrar"
126-->[com.google.firebase:firebase-firestore:25.1.1] AndroidManifest.xml:18:17-122
127                android:value="com.google.firebase.components.ComponentRegistrar" />
127-->[com.google.firebase:firebase-firestore:25.1.1] AndroidManifest.xml:19:17-82
128            <meta-data
128-->[com.google.firebase:firebase-firestore:25.1.1] AndroidManifest.xml:20:13-22:85
129                android:name="com.google.firebase.components:com.google.firebase.firestore.FirestoreRegistrar"
129-->[com.google.firebase:firebase-firestore:25.1.1] AndroidManifest.xml:21:17-111
130                android:value="com.google.firebase.components.ComponentRegistrar" />
130-->[com.google.firebase:firebase-firestore:25.1.1] AndroidManifest.xml:22:17-82
131            <meta-data
131-->[com.google.firebase:firebase-common-ktx:21.0.0] AndroidManifest.xml:12:13-14:85
132                android:name="com.google.firebase.components:com.google.firebase.ktx.FirebaseCommonLegacyRegistrar"
132-->[com.google.firebase:firebase-common-ktx:21.0.0] AndroidManifest.xml:13:17-116
133                android:value="com.google.firebase.components.ComponentRegistrar" />
133-->[com.google.firebase:firebase-common-ktx:21.0.0] AndroidManifest.xml:14:17-82
134            <meta-data
134-->[com.google.firebase:firebase-common:21.0.0] AndroidManifest.xml:35:13-37:85
135                android:name="com.google.firebase.components:com.google.firebase.FirebaseCommonKtxRegistrar"
135-->[com.google.firebase:firebase-common:21.0.0] AndroidManifest.xml:36:17-109
136                android:value="com.google.firebase.components.ComponentRegistrar" />
136-->[com.google.firebase:firebase-common:21.0.0] AndroidManifest.xml:37:17-82
137        </service>
138        <service
138-->[androidx.credentials:credentials-play-services-auth:1.2.0-rc01] AndroidManifest.xml:24:9-32:19
139            android:name="androidx.credentials.playservices.CredentialProviderMetadataHolder"
139-->[androidx.credentials:credentials-play-services-auth:1.2.0-rc01] AndroidManifest.xml:25:13-94
140            android:enabled="true"
140-->[androidx.credentials:credentials-play-services-auth:1.2.0-rc01] AndroidManifest.xml:26:13-35
141            android:exported="false" >
141-->[androidx.credentials:credentials-play-services-auth:1.2.0-rc01] AndroidManifest.xml:27:13-37
142            <meta-data
142-->[androidx.credentials:credentials-play-services-auth:1.2.0-rc01] AndroidManifest.xml:29:13-31:104
143                android:name="androidx.credentials.CREDENTIAL_PROVIDER_KEY"
143-->[androidx.credentials:credentials-play-services-auth:1.2.0-rc01] AndroidManifest.xml:30:17-76
144                android:value="androidx.credentials.playservices.CredentialProviderPlayServicesImpl" />
144-->[androidx.credentials:credentials-play-services-auth:1.2.0-rc01] AndroidManifest.xml:31:17-101
145        </service>
146
147        <activity
147-->[androidx.credentials:credentials-play-services-auth:1.2.0-rc01] AndroidManifest.xml:34:9-41:20
148            android:name="androidx.credentials.playservices.HiddenActivity"
148-->[androidx.credentials:credentials-play-services-auth:1.2.0-rc01] AndroidManifest.xml:35:13-76
149            android:configChanges="orientation|screenSize|screenLayout|keyboardHidden"
149-->[androidx.credentials:credentials-play-services-auth:1.2.0-rc01] AndroidManifest.xml:36:13-87
150            android:enabled="true"
150-->[androidx.credentials:credentials-play-services-auth:1.2.0-rc01] AndroidManifest.xml:37:13-35
151            android:exported="false"
151-->[androidx.credentials:credentials-play-services-auth:1.2.0-rc01] AndroidManifest.xml:38:13-37
152            android:fitsSystemWindows="true"
152-->[androidx.credentials:credentials-play-services-auth:1.2.0-rc01] AndroidManifest.xml:39:13-45
153            android:theme="@style/Theme.Hidden" >
153-->[androidx.credentials:credentials-play-services-auth:1.2.0-rc01] AndroidManifest.xml:40:13-48
154        </activity>
155        <activity
155-->[com.google.android.gms:play-services-auth:20.7.0] AndroidManifest.xml:23:9-27:75
156            android:name="com.google.android.gms.auth.api.signin.internal.SignInHubActivity"
156-->[com.google.android.gms:play-services-auth:20.7.0] AndroidManifest.xml:24:13-93
157            android:excludeFromRecents="true"
157-->[com.google.android.gms:play-services-auth:20.7.0] AndroidManifest.xml:25:13-46
158            android:exported="false"
158-->[com.google.android.gms:play-services-auth:20.7.0] AndroidManifest.xml:26:13-37
159            android:theme="@android:style/Theme.Translucent.NoTitleBar" />
159-->[com.google.android.gms:play-services-auth:20.7.0] AndroidManifest.xml:27:13-72
160        <!--
161            Service handling Google Sign-In user revocation. For apps that do not integrate with
162            Google Sign-In, this service will never be started.
163        -->
164        <service
164-->[com.google.android.gms:play-services-auth:20.7.0] AndroidManifest.xml:33:9-37:51
165            android:name="com.google.android.gms.auth.api.signin.RevocationBoundService"
165-->[com.google.android.gms:play-services-auth:20.7.0] AndroidManifest.xml:34:13-89
166            android:exported="true"
166-->[com.google.android.gms:play-services-auth:20.7.0] AndroidManifest.xml:35:13-36
167            android:permission="com.google.android.gms.auth.api.signin.permission.REVOCATION_NOTIFICATION"
167-->[com.google.android.gms:play-services-auth:20.7.0] AndroidManifest.xml:36:13-107
168            android:visibleToInstantApps="true" />
168-->[com.google.android.gms:play-services-auth:20.7.0] AndroidManifest.xml:37:13-48
169
170        <provider
170-->[com.google.firebase:firebase-common:21.0.0] AndroidManifest.xml:23:9-28:39
171            android:name="com.google.firebase.provider.FirebaseInitProvider"
171-->[com.google.firebase:firebase-common:21.0.0] AndroidManifest.xml:24:13-77
172            android:authorities="com.example.trekerautoapp.firebaseinitprovider"
172-->[com.google.firebase:firebase-common:21.0.0] AndroidManifest.xml:25:13-72
173            android:directBootAware="true"
173-->[com.google.firebase:firebase-common:21.0.0] AndroidManifest.xml:26:13-43
174            android:exported="false"
174-->[com.google.firebase:firebase-common:21.0.0] AndroidManifest.xml:27:13-37
175            android:initOrder="100" />
175-->[com.google.firebase:firebase-common:21.0.0] AndroidManifest.xml:28:13-36
176
177        <activity
177-->[com.google.android.gms:play-services-base:18.0.1] AndroidManifest.xml:20:9-22:45
178            android:name="com.google.android.gms.common.api.GoogleApiActivity"
178-->[com.google.android.gms:play-services-base:18.0.1] AndroidManifest.xml:20:19-85
179            android:exported="false"
179-->[com.google.android.gms:play-services-base:18.0.1] AndroidManifest.xml:22:19-43
180            android:theme="@android:style/Theme.Translucent.NoTitleBar" />
180-->[com.google.android.gms:play-services-base:18.0.1] AndroidManifest.xml:21:19-78
181
182        <provider
182-->[androidx.work:work-runtime:2.10.1] AndroidManifest.xml:29:9-37:20
183            android:name="androidx.startup.InitializationProvider"
183-->[androidx.work:work-runtime:2.10.1] AndroidManifest.xml:30:13-67
184            android:authorities="com.example.trekerautoapp.androidx-startup"
184-->[androidx.work:work-runtime:2.10.1] AndroidManifest.xml:31:13-68
185            android:exported="false" >
185-->[androidx.work:work-runtime:2.10.1] AndroidManifest.xml:32:13-37
186            <meta-data
186-->[androidx.work:work-runtime:2.10.1] AndroidManifest.xml:34:13-36:52
187                android:name="androidx.work.WorkManagerInitializer"
187-->[androidx.work:work-runtime:2.10.1] AndroidManifest.xml:35:17-68
188                android:value="androidx.startup" />
188-->[androidx.work:work-runtime:2.10.1] AndroidManifest.xml:36:17-49
189            <meta-data
189-->[androidx.emoji2:emoji2:1.2.0] AndroidManifest.xml:29:13-31:52
190                android:name="androidx.emoji2.text.EmojiCompatInitializer"
190-->[androidx.emoji2:emoji2:1.2.0] AndroidManifest.xml:30:17-75
191                android:value="androidx.startup" />
191-->[androidx.emoji2:emoji2:1.2.0] AndroidManifest.xml:31:17-49
192            <meta-data
192-->[androidx.lifecycle:lifecycle-process:2.6.2] AndroidManifest.xml:29:13-31:52
193                android:name="androidx.lifecycle.ProcessLifecycleInitializer"
193-->[androidx.lifecycle:lifecycle-process:2.6.2] AndroidManifest.xml:30:17-78
194                android:value="androidx.startup" />
194-->[androidx.lifecycle:lifecycle-process:2.6.2] AndroidManifest.xml:31:17-49
195            <meta-data
195-->[androidx.profileinstaller:profileinstaller:1.3.0] AndroidManifest.xml:29:13-31:52
196                android:name="androidx.profileinstaller.ProfileInstallerInitializer"
196-->[androidx.profileinstaller:profileinstaller:1.3.0] AndroidManifest.xml:30:17-85
197                android:value="androidx.startup" />
197-->[androidx.profileinstaller:profileinstaller:1.3.0] AndroidManifest.xml:31:17-49
198        </provider>
199
200        <service
200-->[androidx.work:work-runtime:2.10.1] AndroidManifest.xml:39:9-45:35
201            android:name="androidx.work.impl.background.systemalarm.SystemAlarmService"
201-->[androidx.work:work-runtime:2.10.1] AndroidManifest.xml:40:13-88
202            android:directBootAware="false"
202-->[androidx.work:work-runtime:2.10.1] AndroidManifest.xml:41:13-44
203            android:enabled="@bool/enable_system_alarm_service_default"
203-->[androidx.work:work-runtime:2.10.1] AndroidManifest.xml:42:13-72
204            android:exported="false" />
204-->[androidx.work:work-runtime:2.10.1] AndroidManifest.xml:43:13-37
205        <service
205-->[androidx.work:work-runtime:2.10.1] AndroidManifest.xml:46:9-52:35
206            android:name="androidx.work.impl.background.systemjob.SystemJobService"
206-->[androidx.work:work-runtime:2.10.1] AndroidManifest.xml:47:13-84
207            android:directBootAware="false"
207-->[androidx.work:work-runtime:2.10.1] AndroidManifest.xml:48:13-44
208            android:enabled="@bool/enable_system_job_service_default"
208-->[androidx.work:work-runtime:2.10.1] AndroidManifest.xml:49:13-70
209            android:exported="true"
209-->[androidx.work:work-runtime:2.10.1] AndroidManifest.xml:50:13-36
210            android:permission="android.permission.BIND_JOB_SERVICE" />
210-->[androidx.work:work-runtime:2.10.1] AndroidManifest.xml:51:13-69
211        <service
211-->[androidx.work:work-runtime:2.10.1] AndroidManifest.xml:53:9-59:35
212            android:name="androidx.work.impl.foreground.SystemForegroundService"
212-->[androidx.work:work-runtime:2.10.1] AndroidManifest.xml:54:13-81
213            android:directBootAware="false"
213-->[androidx.work:work-runtime:2.10.1] AndroidManifest.xml:55:13-44
214            android:enabled="@bool/enable_system_foreground_service_default"
214-->[androidx.work:work-runtime:2.10.1] AndroidManifest.xml:56:13-77
215            android:exported="false" />
215-->[androidx.work:work-runtime:2.10.1] AndroidManifest.xml:57:13-37
216
217        <receiver
217-->[androidx.work:work-runtime:2.10.1] AndroidManifest.xml:61:9-66:35
218            android:name="androidx.work.impl.utils.ForceStopRunnable$BroadcastReceiver"
218-->[androidx.work:work-runtime:2.10.1] AndroidManifest.xml:62:13-88
219            android:directBootAware="false"
219-->[androidx.work:work-runtime:2.10.1] AndroidManifest.xml:63:13-44
220            android:enabled="true"
220-->[androidx.work:work-runtime:2.10.1] AndroidManifest.xml:64:13-35
221            android:exported="false" />
221-->[androidx.work:work-runtime:2.10.1] AndroidManifest.xml:65:13-37
222        <receiver
222-->[androidx.work:work-runtime:2.10.1] AndroidManifest.xml:67:9-77:20
223            android:name="androidx.work.impl.background.systemalarm.ConstraintProxy$BatteryChargingProxy"
223-->[androidx.work:work-runtime:2.10.1] AndroidManifest.xml:68:13-106
224            android:directBootAware="false"
224-->[androidx.work:work-runtime:2.10.1] AndroidManifest.xml:69:13-44
225            android:enabled="false"
225-->[androidx.work:work-runtime:2.10.1] AndroidManifest.xml:70:13-36
226            android:exported="false" >
226-->[androidx.work:work-runtime:2.10.1] AndroidManifest.xml:71:13-37
227            <intent-filter>
227-->[androidx.work:work-runtime:2.10.1] AndroidManifest.xml:73:13-76:29
228                <action android:name="android.intent.action.ACTION_POWER_CONNECTED" />
228-->[androidx.work:work-runtime:2.10.1] AndroidManifest.xml:74:17-87
228-->[androidx.work:work-runtime:2.10.1] AndroidManifest.xml:74:25-84
229                <action android:name="android.intent.action.ACTION_POWER_DISCONNECTED" />
229-->[androidx.work:work-runtime:2.10.1] AndroidManifest.xml:75:17-90
229-->[androidx.work:work-runtime:2.10.1] AndroidManifest.xml:75:25-87
230            </intent-filter>
231        </receiver>
232        <receiver
232-->[androidx.work:work-runtime:2.10.1] AndroidManifest.xml:78:9-88:20
233            android:name="androidx.work.impl.background.systemalarm.ConstraintProxy$BatteryNotLowProxy"
233-->[androidx.work:work-runtime:2.10.1] AndroidManifest.xml:79:13-104
234            android:directBootAware="false"
234-->[androidx.work:work-runtime:2.10.1] AndroidManifest.xml:80:13-44
235            android:enabled="false"
235-->[androidx.work:work-runtime:2.10.1] AndroidManifest.xml:81:13-36
236            android:exported="false" >
236-->[androidx.work:work-runtime:2.10.1] AndroidManifest.xml:82:13-37
237            <intent-filter>
237-->[androidx.work:work-runtime:2.10.1] AndroidManifest.xml:84:13-87:29
238                <action android:name="android.intent.action.BATTERY_OKAY" />
238-->[androidx.work:work-runtime:2.10.1] AndroidManifest.xml:85:17-77
238-->[androidx.work:work-runtime:2.10.1] AndroidManifest.xml:85:25-74
239                <action android:name="android.intent.action.BATTERY_LOW" />
239-->[androidx.work:work-runtime:2.10.1] AndroidManifest.xml:86:17-76
239-->[androidx.work:work-runtime:2.10.1] AndroidManifest.xml:86:25-73
240            </intent-filter>
241        </receiver>
242        <receiver
242-->[androidx.work:work-runtime:2.10.1] AndroidManifest.xml:89:9-99:20
243            android:name="androidx.work.impl.background.systemalarm.ConstraintProxy$StorageNotLowProxy"
243-->[androidx.work:work-runtime:2.10.1] AndroidManifest.xml:90:13-104
244            android:directBootAware="false"
244-->[androidx.work:work-runtime:2.10.1] AndroidManifest.xml:91:13-44
245            android:enabled="false"
245-->[androidx.work:work-runtime:2.10.1] AndroidManifest.xml:92:13-36
246            android:exported="false" >
246-->[androidx.work:work-runtime:2.10.1] AndroidManifest.xml:93:13-37
247            <intent-filter>
247-->[androidx.work:work-runtime:2.10.1] AndroidManifest.xml:95:13-98:29
248                <action android:name="android.intent.action.DEVICE_STORAGE_LOW" />
248-->[androidx.work:work-runtime:2.10.1] AndroidManifest.xml:96:17-83
248-->[androidx.work:work-runtime:2.10.1] AndroidManifest.xml:96:25-80
249                <action android:name="android.intent.action.DEVICE_STORAGE_OK" />
249-->[androidx.work:work-runtime:2.10.1] AndroidManifest.xml:97:17-82
249-->[androidx.work:work-runtime:2.10.1] AndroidManifest.xml:97:25-79
250            </intent-filter>
251        </receiver>
252        <receiver
252-->[androidx.work:work-runtime:2.10.1] AndroidManifest.xml:100:9-109:20
253            android:name="androidx.work.impl.background.systemalarm.ConstraintProxy$NetworkStateProxy"
253-->[androidx.work:work-runtime:2.10.1] AndroidManifest.xml:101:13-103
254            android:directBootAware="false"
254-->[androidx.work:work-runtime:2.10.1] AndroidManifest.xml:102:13-44
255            android:enabled="false"
255-->[androidx.work:work-runtime:2.10.1] AndroidManifest.xml:103:13-36
256            android:exported="false" >
256-->[androidx.work:work-runtime:2.10.1] AndroidManifest.xml:104:13-37
257            <intent-filter>
257-->[androidx.work:work-runtime:2.10.1] AndroidManifest.xml:106:13-108:29
258                <action android:name="android.net.conn.CONNECTIVITY_CHANGE" />
258-->[androidx.work:work-runtime:2.10.1] AndroidManifest.xml:107:17-79
258-->[androidx.work:work-runtime:2.10.1] AndroidManifest.xml:107:25-76
259            </intent-filter>
260        </receiver>
261        <receiver
261-->[androidx.work:work-runtime:2.10.1] AndroidManifest.xml:110:9-121:20
262            android:name="androidx.work.impl.background.systemalarm.RescheduleReceiver"
262-->[androidx.work:work-runtime:2.10.1] AndroidManifest.xml:111:13-88
263            android:directBootAware="false"
263-->[androidx.work:work-runtime:2.10.1] AndroidManifest.xml:112:13-44
264            android:enabled="false"
264-->[androidx.work:work-runtime:2.10.1] AndroidManifest.xml:113:13-36
265            android:exported="false" >
265-->[androidx.work:work-runtime:2.10.1] AndroidManifest.xml:114:13-37
266            <intent-filter>
266-->[androidx.work:work-runtime:2.10.1] AndroidManifest.xml:116:13-120:29
267                <action android:name="android.intent.action.BOOT_COMPLETED" />